mode: set
resenje.org/httputils/https_redirect.go:23.44,24.9 1 0
resenje.org/httputils/https_redirect.go:36.2,36.23 1 0
resenje.org/httputils/https_redirect.go:24.9,27.31 3 0
resenje.org/httputils/https_redirect.go:34.3,34.16 1 0
resenje.org/httputils/https_redirect.go:27.31,29.16 2 0
resenje.org/httputils/https_redirect.go:32.4,32.19 1 0
resenje.org/httputils/https_redirect.go:29.16,31.5 1 0
resenje.org/httputils/https_redirect.go:52.49,54.16 2 0
resenje.org/httputils/https_redirect.go:57.2,62.16 5 0
resenje.org/httputils/https_redirect.go:69.2,76.16 2 0
resenje.org/httputils/https_redirect.go:80.2,80.17 1 0
resenje.org/httputils/https_redirect.go:54.16,56.3 1 0
resenje.org/httputils/https_redirect.go:62.16,64.20 2 0
resenje.org/httputils/https_redirect.go:64.20,66.4 1 0
resenje.org/httputils/https_redirect.go:76.16,78.3 1 0
resenje.org/httputils/https_redirect.go:85.73,88.2 2 0
resenje.org/httputils/max_body_bytes.go:31.80,32.31 1 0
resenje.org/httputils/max_body_bytes.go:36.2,38.68 2 0
resenje.org/httputils/max_body_bytes.go:42.2,42.27 1 0
resenje.org/httputils/max_body_bytes.go:32.31,35.3 2 0
resenje.org/httputils/max_body_bytes.go:38.68,41.3 2 0
resenje.org/httputils/max_body_bytes.go:45.92,46.25 1 0
resenje.org/httputils/max_body_bytes.go:49.2,51.16 3 0
resenje.org/httputils/max_body_bytes.go:58.2,58.23 1 0
resenje.org/httputils/max_body_bytes.go:46.25,48.3 1 0
resenje.org/httputils/max_body_bytes.go:51.16,52.28 1 0
resenje.org/httputils/max_body_bytes.go:55.3,56.9 2 0
resenje.org/httputils/max_body_bytes.go:52.28,53.14 1 0
resenje.org/httputils/method.go:18.126,19.42 1 0
resenje.org/httputils/method.go:19.42,21.3 1 0
resenje.org/httputils/method.go:21.3,23.26 2 0
resenje.org/httputils/method.go:26.3,28.28 3 0
resenje.org/httputils/method.go:23.26,25.4 1 0
resenje.org/httputils/method.go:28.28,30.4 1 0
resenje.org/httputils/method.go:30.4,34.4 3 0
resenje.org/httputils/request.go:14.44,17.15 3 0
resenje.org/httputils/request.go:22.2,23.15 2 0
resenje.org/httputils/request.go:26.2,27.15 2 0
resenje.org/httputils/request.go:30.2,30.32 1 0
resenje.org/httputils/request.go:17.15,19.3 1 0
resenje.org/httputils/request.go:19.3,21.3 1 0
resenje.org/httputils/request.go:23.15,25.3 1 0
resenje.org/httputils/request.go:27.15,29.3 1 0
resenje.org/httputils/request.go:35.49,37.17 2 0
resenje.org/httputils/request.go:44.2,44.31 1 0
resenje.org/httputils/request.go:37.17,38.19 1 0
resenje.org/httputils/request.go:38.19,40.4 1 0
resenje.org/httputils/request.go:40.4,42.4 1 0
resenje.org/httputils/set_headers.go:23.83,24.71 1 1
resenje.org/httputils/set_headers.go:24.71,25.38 1 1
resenje.org/httputils/set_headers.go:28.3,28.20 1 1
resenje.org/httputils/set_headers.go:25.38,27.4 1 1
resenje.org/httputils/set_headers.go:36.57,38.2 1 1
resenje.org/httputils/set_headers.go:43.58,45.2 1 1
resenje.org/httputils/chain.go:12.88,13.42 1 0
resenje.org/httputils/chain.go:16.2,16.8 1 0
resenje.org/httputils/chain.go:13.42,15.3 1 0
resenje.org/httputils/form.go:16.41,18.2 1 0
resenje.org/httputils/form.go:21.53,22.26 1 0
resenje.org/httputils/form.go:25.2,25.40 1 0
resenje.org/httputils/form.go:28.2,28.56 1 0
resenje.org/httputils/form.go:22.26,24.3 1 0
resenje.org/httputils/form.go:25.40,27.3 1 0
resenje.org/httputils/form.go:32.38,33.23 1 0
resenje.org/httputils/form.go:36.2,36.34 1 0
resenje.org/httputils/form.go:41.2,41.14 1 0
resenje.org/httputils/form.go:33.23,35.3 1 0
resenje.org/httputils/form.go:36.34,37.17 1 0
resenje.org/httputils/form.go:37.17,39.4 1 0
resenje.org/httputils/form.go:45.36,49.2 3 0
resenje.org/httputils/form.go:52.48,56.2 3 0
resenje.org/httputils/static_files.go:15.92,17.71 2 1
resenje.org/httputils/static_files.go:17.71,20.17 3 1
resenje.org/httputils/static_files.go:24.3,24.29 1 1
resenje.org/httputils/static_files.go:20.17,23.4 2 1
resenje.org/httputils/auth.go:57.72,59.16 2 0
resenje.org/httputils/auth.go:63.2,63.27 1 0
resenje.org/httputils/auth.go:73.2,73.12 1 0
resenje.org/httputils/auth.go:78.2,78.27 1 0
resenje.org/httputils/auth.go:59.16,62.3 2 0
resenje.org/httputils/auth.go:63.27,65.17 2 0
resenje.org/httputils/auth.go:69.3,69.16 1 0
resenje.org/httputils/auth.go:65.17,68.4 2 0
resenje.org/httputils/auth.go:69.16,71.4 1 0
resenje.org/httputils/auth.go:73.12,76.3 2 0
resenje.org/httputils/auth.go:81.96,82.20 1 0
resenje.org/httputils/auth.go:87.2,87.35 1 0
resenje.org/httputils/auth.go:102.2,102.23 1 0
resenje.org/httputils/auth.go:142.2,142.8 1 0
resenje.org/httputils/auth.go:82.20,85.3 2 0
resenje.org/httputils/auth.go:87.35,90.17 3 0
resenje.org/httputils/auth.go:93.3,94.48 2 0
resenje.org/httputils/auth.go:90.17,92.4 1 0
resenje.org/httputils/auth.go:94.48,95.28 1 0
resenje.org/httputils/auth.go:95.28,98.5 2 0
resenje.org/httputils/auth.go:102.23,103.56 1 0
resenje.org/httputils/auth.go:117.3,117.29 1 0
resenje.org/httputils/auth.go:103.56,104.29 1 0
resenje.org/httputils/auth.go:107.4,107.32 1 0
resenje.org/httputils/auth.go:112.4,112.33 1 0
resenje.org/httputils/auth.go:104.29,106.5 1 0
resenje.org/httputils/auth.go:107.32,109.5 1 0
resenje.org/httputils/auth.go:112.33,115.5 2 0
resenje.org/httputils/auth.go:117.29,119.49 2 0
resenje.org/httputils/auth.go:123.4,125.18 3 0
resenje.org/httputils/auth.go:129.4,130.23 2 0
resenje.org/httputils/auth.go:133.4,138.43 3 0
resenje.org/httputils/auth.go:119.49,121.5 1 0
resenje.org/httputils/auth.go:125.18,127.5 1 0
resenje.org/httputils/auth.go:130.23,132.5 1 0
resenje.org/httputils/auth.go:145.79,146.27 1 0
resenje.org/httputils/auth.go:149.2,149.27 1 0
resenje.org/httputils/auth.go:146.27,147.13 1 0
resenje.org/httputils/auth.go:152.75,153.28 1 0
resenje.org/httputils/auth.go:156.2,156.34 1 0
resenje.org/httputils/auth.go:160.2,160.82 1 0
resenje.org/httputils/auth.go:153.28,155.3 1 0
resenje.org/httputils/auth.go:156.34,159.3 2 0
